Build started 12/1/2015 5:52:24 PM.
     1>Project "C:\Users\Freedom\Desktop\CSE167Final\BowArrow3D.vcxproj" on node 2 (Build target(s)).
     1>ClCompile:
         C:\Program Files (x86)\Microsoft Visual Studio 14.0\VC\bin\CL.exe /c /IC:\Users\Freedom\Desktop\CSE167Final\ /IC:\Users\Freedom\Desktop\CSE167Final\/Systems/ /IC:\Users\Freedom\Desktop\CSE167Final\/Utils/ /IC:\Users\Freedom\Desktop\CSE167Final\/Models/ /IC:\Users\Freedom\Desktop\CSE167Final\/Models/Support /ZI /nologo /W3 /WX- /sdl /Od /Oy- /D WIN32 /D _DEBUG /D _CONSOLE /D GLEW_STATIC /D _UNICODE /D UNICODE /Gm /EHsc /RTC1 /MDd /GS /fp:precise /Zc:wchar_t /Zc:forScope /Zc:inline /Fo"Debug\\" /Fd"Debug\vc140.pdb" /Gd /TP /analyze- /errorReport:prompt SceneGraph\Scene.cpp
         Scene.cpp
     1>c:\users\freedom\desktop\cse167final\scenegraph\scene.cpp(11): warning C4838: conversion from 'double' to 'GLfloat' requires a narrowing conversion
     1>c:\users\freedom\desktop\cse167final\scenegraph\scene.cpp(26): warning C4838: conversion from 'double' to 'GLfloat' requires a narrowing conversion
     1>c:\users\freedom\desktop\cse167final\scenegraph\scene.cpp(27): warning C4838: conversion from 'double' to 'GLfloat' requires a narrowing conversion
       Link:
         C:\Program Files (x86)\Microsoft Visual Studio 14.0\VC\bin\link.exe /ERRORREPORT:PROMPT /OUT:"C:\Users\Freedom\Desktop\CSE167Final\Debug\BowArrow3D.exe" /INCREMENTAL /NOLOGO /LIBPATH:C:\Users\Freedom\Desktop\CSE167Final\3rdParty\Glew.1.13.0\lib\x64 /LIBPATH:C:\Users\Freedom\Desktop\CSE167Final\3rdParty\Glew.1.13.0\lib\Win32 glu32.lib opengl32.lib glew32s.lib glew64s.lib glut32.lib SDL2.lib SDL2main.lib SDL2_ttf.lib SOIL2.lib kernel32.lib user32.lib gdi32.lib winspool.lib comdlg32.lib advapi32.lib shell32.lib ole32.lib oleaut32.lib uuid.lib odbc32.lib odbccp32.lib /MANIFEST /MANIFESTUAC:"level='asInvoker' uiAccess='false'" /manifest:embed /Debug /PDB:"C:\Users\Freedom\Desktop\CSE167Final\Debug\BowArrow3D.pdb" /SUBSYSTEM:CONSOLE /TLBID:1 /DYNAMICBASE /NXCOMPAT /IMPLIB:"C:\Users\Freedom\Desktop\CSE167Final\Debug\BowArrow3D.lib" /MACHINE:X86 Debug\Globals.obj
         Debug\main.obj
         Debug\LSysParam.obj
         Debug\LTree.obj
         Debug\Skybox.obj
         Debug\Drawable.obj
         Debug\DrawData.obj
         Debug\Program.obj
         Debug\Shader.obj
         Debug\Texture.obj
         Debug\UpdateData.obj
         Debug\Cube.obj
         Debug\Enemy.obj
         Debug\FogMT.obj
         Debug\Forest.obj
         Debug\Geode.obj
         Debug\Group.obj
         Debug\LightMT.obj
         Debug\MatrixTransform.obj
         Debug\Node.obj
         Debug\Player.obj
         Debug\Scene.obj
         Debug\Sphere.obj
         Debug\Terrain.obj
         Debug\Camera.obj
         Debug\Core.obj
         Debug\Event.obj
         Debug\Window.obj
         Debug\math3d.obj
         Debug\tga.obj
         BowArrow3D.vcxproj -> C:\Users\Freedom\Desktop\CSE167Final\Debug\BowArrow3D.exe
     1>Done Building Project "C:\Users\Freedom\Desktop\CSE167Final\BowArrow3D.vcxproj" (Build target(s)).

Build succeeded.

Time Elapsed 00:00:02.46
