c:\users\freedom\desktop\cse167final\release\vc140.pdb
c:\users\freedom\desktop\cse167final\release\geode.obj
c:\users\freedom\desktop\cse167final\release\bvh.obj
c:\users\freedom\desktop\cse167final\release\aabb.obj
c:\users\freedom\desktop\cse167final\release\particles.obj
c:\users\freedom\desktop\cse167final\release\particle.obj
c:\users\freedom\desktop\cse167final\release\skybox.obj
c:\users\freedom\desktop\cse167final\release\procmesh.obj
c:\users\freedom\desktop\cse167final\release\ltree.obj
c:\users\freedom\desktop\cse167final\release\lsysparam.obj
c:\users\freedom\desktop\cse167final\release\drawable.obj
c:\users\freedom\desktop\cse167final\release\arrow.obj
c:\users\freedom\desktop\cse167final\release\main.obj
c:\users\freedom\desktop\cse167final\release\globals.obj
c:\users\freedom\desktop\cse167final\release\updatedata.obj
c:\users\freedom\desktop\cse167final\release\texture.obj
c:\users\freedom\desktop\cse167final\release\materialdata.obj
c:\users\freedom\desktop\cse167final\release\light.obj
c:\users\freedom\desktop\cse167final\release\drawdata.obj
c:\users\freedom\desktop\cse167final\release\entitynode.obj
c:\users\freedom\desktop\cse167final\release\entitybst.obj
c:\users\freedom\desktop\cse167final\release\math3d.obj
c:\users\freedom\desktop\cse167final\release\window.obj
c:\users\freedom\desktop\cse167final\release\timer.obj
c:\users\freedom\desktop\cse167final\release\physicsmanager.obj
c:\users\freedom\desktop\cse167final\release\levelmanager.obj
c:\users\freedom\desktop\cse167final\release\inputmanager.obj
c:\users\freedom\desktop\cse167final\release\core.obj
c:\users\freedom\desktop\cse167final\release\camera.obj
c:\users\freedom\desktop\cse167final\release\terrain.obj
c:\users\freedom\desktop\cse167final\release\scene.obj
c:\users\freedom\desktop\cse167final\release\tree.obj
c:\users\freedom\desktop\cse167final\release\sphere.obj
c:\users\freedom\desktop\cse167final\release\player.obj
c:\users\freedom\desktop\cse167final\release\enemy.obj
c:\users\freedom\desktop\cse167final\release\cube.obj
c:\users\freedom\desktop\cse167final\release\lightmt.obj
c:\users\freedom\desktop\cse167final\release\fogmt.obj
c:\users\freedom\desktop\cse167final\release\node.obj
c:\users\freedom\desktop\cse167final\release\matrixtransform.obj
c:\users\freedom\desktop\cse167final\release\group.obj
c:\users\freedom\desktop\cse167final\release\tga.obj
c:\users\freedom\desktop\cse167final\release\shader.obj
c:\users\freedom\desktop\cse167final\release\program.obj
c:\users\freedom\desktop\cse167final\release\bowarrow3d.tlog\cl.command.1.tlog
c:\users\freedom\desktop\cse167final\release\bowarrow3d.tlog\cl.read.1.tlog
c:\users\freedom\desktop\cse167final\release\bowarrow3d.tlog\cl.write.1.tlog
c:\users\freedom\desktop\cse167final\release\bowarrow3d.tlog\link.command.1.tlog
c:\users\freedom\desktop\cse167final\release\bowarrow3d.tlog\link.read.1.tlog
c:\users\freedom\desktop\cse167final\release\bowarrow3d.tlog\link.write.1.tlog
